<?xml version="1.0" encoding="UTF-8"?>
<!-- Generated by org.testng.reporters.JUnitReportReporter -->
<testsuite hostname="LAPTOP-E74DTKLP" failures="0" tests="1" name="openHrmManagement.restassuredPractice" time="2.672" errors="0" timestamp="17 Mar 2020 18:15:35 GMT">
  <testcase classname="openHrmManagement.restassuredPractice" name="addAPI" time="2.672"/>
</testsuite> <!-- openHrmManagement.restassuredPractice -->
